

Started GET "/" for 127.0.0.1 at 2013-11-24 10:07:23 -0500
Processing by Rails::WelcomeController#index as HTML
  Rendered /home/adminuser/.rvm/gems/ruby-2.0.0-p247@railstutorial_rails_4_0/gems/railties-4.0.1/lib/rails/templates/rails/welcome/index.html.erb (1.3ms)
Completed 200 OK in 75ms (Views: 36.7ms | ActiveRecord: 0.0ms)


Started GET "/rails/info/properties" for 127.0.0.1 at 2013-11-24 10:07:32 -0500
Processing by Rails::InfoController#properties as HTML
  Rendered /home/adminuser/.rvm/gems/ruby-2.0.0-p247@railstutorial_rails_4_0/gems/railties-4.0.1/lib/rails/templates/rails/info/properties.html.erb (0.4ms)
Completed 200 OK in 42ms (Views: 17.2ms | ActiveRecord: 11.4ms)


Started GET "/" for 127.0.0.1 at 2013-11-25 13:36:11 -0500
Processing by Rails::WelcomeController#index as HTML
  Rendered /home/adminuser/.rvm/gems/ruby-2.0.0-p247@railstutorial_rails_4_0/gems/railties-4.0.1/lib/rails/templates/rails/welcome/index.html.erb (2.9ms)
Completed 200 OK in 52ms (Views: 30.6ms | ActiveRecord: 0.0ms)


Started GET "/" for 127.0.0.1 at 2014-01-06 06:40:00 -0500
Processing by Rails::WelcomeController#index as HTML
  Rendered /home/adminuser/.rvm/gems/ruby-2.0.0-p247@railstutorial_rails_4_0/gems/railties-4.0.1/lib/rails/templates/rails/welcome/index.html.erb (1.5ms)
Completed 200 OK in 81ms (Views: 47.3ms | ActiveRecord: 0.0ms)


Started GET "/rails/info/properties" for 127.0.0.1 at 2014-01-06 06:41:19 -0500
Processing by Rails::InfoController#properties as HTML
  Rendered /home/adminuser/.rvm/gems/ruby-2.0.0-p247@railstutorial_rails_4_0/gems/railties-4.0.1/lib/rails/templates/rails/info/properties.html.erb (0.3ms)
Completed 200 OK in 37ms (Views: 23.1ms | ActiveRecord: 3.4ms)


Started GET "/" for 127.0.0.1 at 2014-01-06 11:17:07 -0500
Processing by Rails::WelcomeController#index as HTML
  Rendered /home/adminuser/.rvm/gems/ruby-2.0.0-p247@railstutorial_rails_4_0/gems/railties-4.0.1/lib/rails/templates/rails/welcome/index.html.erb (0.9ms)
Completed 200 OK in 20ms (Views: 5.2ms | ActiveRecord: 0.0ms)
